<?xml version="1.0" encoding="UTF-8"?>
<!-- Generated by org.testng.reporters.JUnitReportReporter -->
<testsuite skipped="0" hostname="LAPTOP-MHBSPLVF" name="api.test.CreateUserTest" tests="1" failures="0" timestamp="2023-03-24T16:27:10 IST" time="5.730" errors="0">
  <testcase name="SignupNewuserTest" time="5.730" classname="api.test.CreateUserTest"/>
  <system-out/>
</testsuite> <!-- api.test.CreateUserTest -->
