<?xml version="1.0" encoding="UTF-8"?>
<!-- Generated by org.testng.reporters.JUnitReportReporter -->
<testsuite skipped="0" hostname="LAPTOP-MHBSPLVF" name="api.serialization.UpdateUserDataDeserializationTest" tests="1" failures="0" timestamp="2023-03-21T13:48:05 IST" time="0.507" errors="0">
  <testcase name="userDataUpdate" time="0.507" classname="api.serialization.UpdateUserDataDeserializationTest"/>
  <system-out/>
</testsuite> <!-- api.serialization.UpdateUserDataDeserializationTest -->
