<?xml version="1.0" encoding="UTF-8"?>
<!-- Generated by org.testng.reporters.JUnitReportReporter -->
<testsuite skipped="0" hostname="LAPTOP-MHBSPLVF" name="api.test.UpdateUserProfileTest" tests="1" failures="0" timestamp="2023-03-21T15:54:13 IST" time="8.736" errors="0">
  <testcase name="userprofileupdateTest" time="8.736" classname="api.test.UpdateUserProfileTest"/>
  <system-out/>
</testsuite> <!-- api.test.UpdateUserProfileTest -->
