<?xml version="1.0" encoding="UTF-8"?>
<!-- Generated by org.testng.reporters.JUnitReportReporter -->
<testsuite skipped="0" hostname="LAPTOP-MHBSPLVF" name="api.test.SmeAgentAssigmentTest" tests="1" failures="0" timestamp="2023-03-20T13:18:46 IST" time="5.335" errors="0">
  <testcase name="getAgentAssignGST" time="5.335" classname="api.test.SmeAgentAssigmentTest"/>
  <system-out/>
</testsuite> <!-- api.test.SmeAgentAssigmentTest -->
