<?xml version="1.0" encoding="UTF-8"?>
<!-- Generated by org.testng.reporters.JUnitReportReporter -->
<testsuite skipped="0" hostname="LAPTOP-MHBSPLVF" name="apiGenericImplementation.SmeAgentAssignemntTest" tests="1" failures="0" timestamp="2023-03-16T19:00:09 IST" time="3.884" errors="0">
  <testcase name="AgentAssignITRTest" time="3.884" classname="apiGenericImplementation.SmeAgentAssignemntTest"/>
  <system-out/>
</testsuite> <!-- apiGenericImplementation.SmeAgentAssignemntTest -->
