<?xml version="1.0" encoding="UTF-8"?>
<!-- Generated by org.testng.reporters.JUnitReportReporter -->
<testsuite skipped="0" hostname="LAPTOP-MHBSPLVF" name="api.test.CreateUserTest" tests="1" failures="0" timestamp="2023-03-17T18:18:12 IST" time="7.787" errors="0">
  <testcase name="SignupNewuserTest" time="7.787" classname="api.test.CreateUserTest"/>
  <system-out/>
</testsuite> <!-- api.test.CreateUserTest -->
